# JRE version: Java(TM) SE Runtime Environment (8.0_181-b13) (build 1.8.0_181-b13)
# Java VM: Java HotSpot(TM) 64-Bit Server VM (25.181-b13 mixed mode windows-amd64 compressed oops)
Heap:
 PSYoungGen      total 428032K, used 221364K [0x00000000e0000000, 0x00000000ff980000, 0x0000000100000000)
  eden space 403456K, 48% used [0x00000000e0000000,0x00000000ec09af08,0x00000000f8a00000)
  from space 24576K, 98% used [0x00000000f8a00000,0x00000000fa192150,0x00000000fa200000)
  to   space 56832K, 0% used [0x00000000fc200000,0x00000000fc200000,0x00000000ff980000)
 ParOldGen       total 554496K, used 343854K [0x00000000a0000000, 0x00000000c1d80000, 0x00000000e0000000)
  object space 554496K, 62% used [0x00000000a0000000,0x00000000b4fcb938,0x00000000c1d80000)
 Metaspace       used 233272K, capacity 249955K, committed 250240K, reserved 1267712K
  class space    used 29975K, capacity 32618K, committed 32640K, reserved 1048576K
GC Heap History (10 events):
Event: 5874.113 GC heap before
{Heap before GC invocations=92 (full 5):
 PSYoungGen      total 463872K, used 429871K [0x00000000e0000000, 0x00000000ffb00000, 0x0000000100000000)
  eden space 408064K, 100% used [0x00000000e0000000,0x00000000f8e80000,0x00000000f8e80000)
  from space 55808K, 39% used [0x00000000fc480000,0x00000000fd9cbd50,0x00000000ffb00000)
  to   space 55296K, 0% used [0x00000000f8e80000,0x00000000f8e80000,0x00000000fc480000)
 ParOldGen       total 554496K, used 342702K [0x00000000a0000000, 0x00000000c1d80000, 0x00000000e0000000)
  object space 554496K, 61% used [0x00000000a0000000,0x00000000b4eab928,0x00000000c1d80000)
 Metaspace       used 227707K, capacity 242495K, committed 242816K, reserved 1261568K
  class space    used 29106K, capacity 31452K, committed 31616K, reserved 1048576K
Event: 5874.136 GC heap after
Heap after GC invocations=92 (full 5):
 PSYoungGen      total 463360K, used 24729K [0x00000000e0000000, 0x00000000ffc80000, 0x0000000100000000)
  eden space 408064K, 0% used [0x00000000e0000000,0x00000000e0000000,0x00000000f8e80000)
  from space 55296K, 44% used [0x00000000f8e80000,0x00000000fa6a6760,0x00000000fc480000)
  to   space 53760K, 0% used [0x00000000fc800000,0x00000000fc800000,0x00000000ffc80000)
 ParOldGen       total 554496K, used 342710K [0x00000000a0000000, 0x00000000c1d80000, 0x00000000e0000000)
  object space 554496K, 61% used [0x00000000a0000000,0x00000000b4ead928,0x00000000c1d80000)
 Metaspace       used 227707K, capacity 242495K, committed 242816K, reserved 1261568K
  class space    used 29106K, capacity 31452K, committed 31616K, reserved 1048576K
}
Event: 6362.484 GC heap before
{Heap before GC invocations=93 (full 5):
 PSYoungGen      total 463360K, used 432793K [0x00000000e0000000, 0x00000000ffc80000, 0x0000000100000000)
  eden space 408064K, 100% used [0x00000000e0000000,0x00000000f8e80000,0x00000000f8e80000)
  from space 55296K, 44% used [0x00000000f8e80000,0x00000000fa6a6760,0x00000000fc480000)
  to   space 53760K, 0% used [0x00000000fc800000,0x00000000fc800000,0x00000000ffc80000)
 ParOldGen       total 554496K, used 342710K [0x00000000a0000000, 0x00000000c1d80000, 0x00000000e0000000)
  object space 554496K, 61% used [0x00000000a0000000,0x00000000b4ead928,0x00000000c1d80000)
 Metaspace       used 229372K, capacity 245035K, committed 245120K, reserved 1263616K
  class space    used 29336K, capacity 31799K, committed 31872K, reserved 1048576K
Event: 6362.501 GC heap after
Heap after GC invocations=93 (full 5):
 PSYoungGen      total 467456K, used 23513K [0x00000000e0000000, 0x00000000ffb80000, 0x0000000100000000)
  eden space 414720K, 0% used [0x00000000e0000000,0x00000000e0000000,0x00000000f9500000)
  from space 52736K, 44% used [0x00000000fc800000,0x00000000fdef6780,0x00000000ffb80000)
  to   space 52224K, 0% used [0x00000000f9500000,0x00000000f9500000,0x00000000fc800000)
 ParOldGen       total 554496K, used 342718K [0x00000000a0000000, 0x00000000c1d80000, 0x00000000e0000000)
  object space 554496K, 61% used [0x00000000a0000000,0x00000000b4eaf928,0x00000000c1d80000)
 Metaspace       used 229372K, capacity 245035K, committed 245120K, reserved 1263616K
  class space    used 29336K, capacity 31799K, committed 31872K, reserved 1048576K
}
Event: 7093.370 GC heap before
{Heap before GC invocations=94 (full 5):
 PSYoungGen      total 467456K, used 438233K [0x00000000e0000000, 0x00000000ffb80000, 0x0000000100000000)
  eden space 414720K, 100% used [0x00000000e0000000,0x00000000f9500000,0x00000000f9500000)
  from space 52736K, 44% used [0x00000000fc800000,0x00000000fdef6780,0x00000000ffb80000)
  to   space 52224K, 0% used [0x00000000f9500000,0x00000000f9500000,0x00000000fc800000)
 ParOldGen       total 554496K, used 342718K [0x00000000a0000000, 0x00000000c1d80000, 0x00000000e0000000)
  object space 554496K, 61% used [0x00000000a0000000,0x00000000b4eaf928,0x00000000c1d80000)
 Metaspace       used 229692K, capacity 245569K, committed 245632K, reserved 1263616K
  class space    used 29372K, capacity 31847K, committed 31872K, reserved 1048576K
Event: 7093.408 GC heap after
Heap after GC invocations=94 (full 5):
 PSYoungGen      total 463872K, used 49114K [0x00000000e0000000, 0x0000000100000000, 0x0000000100000000)
  eden space 414720K, 0% used [0x00000000e0000000,0x00000000e0000000,0x00000000f9500000)
  from space 49152K, 99% used [0x00000000f9500000,0x00000000fc4f6a58,0x00000000fc500000)
  to   space 59904K, 0% used [0x00000000fc580000,0x00000000fc580000,0x0000000100000000)
 ParOldGen       total 554496K, used 342726K [0x00000000a0000000, 0x00000000c1d80000, 0x00000000e0000000)
  object space 554496K, 61% used [0x00000000a0000000,0x00000000b4eb1928,0x00000000c1d80000)
 Metaspace       used 229692K, capacity 245569K, committed 245632K, reserved 1263616K
  class space    used 29372K, capacity 31847K, committed 31872K, reserved 1048576K
}
Event: 7097.928 GC heap before
{Heap before GC invocations=95 (full 5):
 PSYoungGen      total 463872K, used 463834K [0x00000000e0000000, 0x0000000100000000, 0x0000000100000000)
  eden space 414720K, 100% used [0x00000000e0000000,0x00000000f9500000,0x00000000f9500000)
  from space 49152K, 99% used [0x00000000f9500000,0x00000000fc4f6a58,0x00000000fc500000)
  to   space 59904K, 0% used [0x00000000fc580000,0x00000000fc580000,0x0000000100000000)
 ParOldGen       total 554496K, used 342726K [0x00000000a0000000, 0x00000000c1d80000, 0x00000000e0000000)
  object space 554496K, 61% used [0x00000000a0000000,0x00000000b4eb1928,0x00000000c1d80000)
 Metaspace       used 229831K, capacity 245789K, committed 246016K, reserved 1263616K
  class space    used 29388K, capacity 31873K, committed 32000K, reserved 1048576K
Event: 7097.954 GC heap after
Heap after GC invocations=95 (full 5):
 PSYoungGen      total 463360K, used 32824K [0x00000000e0000000, 0x0000000100000000, 0x0000000100000000)
  eden space 403456K, 0% used [0x00000000e0000000,0x00000000e0000000,0x00000000f8a00000)
  from space 59904K, 54% used [0x00000000fc580000,0x00000000fe58e290,0x0000000100000000)
  to   space 60416K, 0% used [0x00000000f8a00000,0x00000000f8a00000,0x00000000fc500000)
 ParOldGen       total 554496K, used 342734K [0x00000000a0000000, 0x00000000c1d80000, 0x00000000e0000000)
  object space 554496K, 61% used [0x00000000a0000000,0x00000000b4eb3928,0x00000000c1d80000)
 Metaspace       used 229831K, capacity 245789K, committed 246016K, reserved 1263616K
  class space    used 29388K, capacity 31873K, committed 32000K, reserved 1048576K
}
Event: 7161.722 GC heap before
{Heap before GC invocations=96 (full 5):
 PSYoungGen      total 463360K, used 436280K [0x00000000e0000000, 0x0000000100000000, 0x0000000100000000)
  eden space 403456K, 100% used [0x00000000e0000000,0x00000000f8a00000,0x00000000f8a00000)
  from space 59904K, 54% used [0x00000000fc580000,0x00000000fe58e290,0x0000000100000000)
  to   space 60416K, 0% used [0x00000000f8a00000,0x00000000f8a00000,0x00000000fc500000)
 ParOldGen       total 554496K, used 342734K [0x00000000a0000000, 0x00000000c1d80000, 0x00000000e0000000)
  object space 554496K, 61% used [0x00000000a0000000,0x00000000b4eb3928,0x00000000c1d80000)
 Metaspace       used 231526K, capacity 248009K, committed 248192K, reserved 1265664K
  class space    used 29690K, capacity 32283K, committed 32384K, reserved 1048576K
Event: 7161.738 GC heap after
Heap after GC invocations=96 (full 5):
 PSYoungGen      total 428032K, used 24136K [0x00000000e0000000, 0x00000000ff980000, 0x0000000100000000)
  eden space 403456K, 0% used [0x00000000e0000000,0x00000000e0000000,0x00000000f8a00000)
  from space 24576K, 98% used [0x00000000f8a00000,0x00000000fa192150,0x00000000fa200000)
  to   space 56832K, 0% used [0x00000000fc200000,0x00000000fc200000,0x00000000ff980000)
 ParOldGen       total 554496K, used 343854K [0x00000000a0000000, 0x00000000c1d80000, 0x00000000e0000000)
  object space 554496K, 62% used [0x00000000a0000000,0x00000000b4fcb938,0x00000000c1d80000)
 Metaspace       used 231526K, capacity 248009K, committed 248192K, reserved 1265664K
  class space    used 29690K, capacity 32283K, committed 32384K, reserved 1048576K
}

